21-Jan-2017 10:32:15.370 WARNING [main] org.apache.tomcat.util.digester.SetPropertiesRule.begin [SetPropertiesRule]{Server/Service/Engine/Host/Context} Setting property 'source' to 'org.eclipse.jst.jee.server:DankRankMeme' did not find a matching property.
21-Jan-2017 10:32:15.471 INFO [main] org.apache.catalina.startup.VersionLoggerListener.log Server version:        Apache Tomcat/8.5.11
21-Jan-2017 10:32:15.472 INFO [main] org.apache.catalina.startup.VersionLoggerListener.log Server built:          Jan 10 2017 21:02:52 UTC
21-Jan-2017 10:32:15.473 INFO [main] org.apache.catalina.startup.VersionLoggerListener.log Server number:         8.5.11.0
21-Jan-2017 10:32:15.474 INFO [main] org.apache.catalina.startup.VersionLoggerListener.log OS Name:               Windows 10
21-Jan-2017 10:32:15.475 INFO [main] org.apache.catalina.startup.VersionLoggerListener.log OS Version:            10.0
21-Jan-2017 10:32:15.476 INFO [main] org.apache.catalina.startup.VersionLoggerListener.log Architecture:          amd64
21-Jan-2017 10:32:15.476 INFO [main] org.apache.catalina.startup.VersionLoggerListener.log Java Home:             C:\Program Files\Java\jdk1.8.0_65\jre
21-Jan-2017 10:32:15.476 INFO [main] org.apache.catalina.startup.VersionLoggerListener.log JVM Version:           1.8.0_65-b17
21-Jan-2017 10:32:15.477 INFO [main] org.apache.catalina.startup.VersionLoggerListener.log JVM Vendor:            Oracle Corporation
21-Jan-2017 10:32:15.477 INFO [main] org.apache.catalina.startup.VersionLoggerListener.log CATALINA_BASE:         C:\Users\Daniel\Documents\githubs\DankRankMe.me\apache-tomcat-8.5.11
21-Jan-2017 10:32:15.477 INFO [main] org.apache.catalina.startup.VersionLoggerListener.log CATALINA_HOME:         C:\Users\Daniel\Documents\githubs\DankRankMe.me\apache-tomcat-8.5.11
21-Jan-2017 10:32:15.478 INFO [main] org.apache.catalina.startup.VersionLoggerListener.log Command line argument: -Djava.util.logging.config.file=C:\Users\Daniel\Documents\githubs\DankRankMe.me\apache-tomcat-8.5.11\conf\logging.properties
21-Jan-2017 10:32:15.479 INFO [main] org.apache.catalina.startup.VersionLoggerListener.log Command line argument: -Djava.util.logging.manager=org.apache.juli.ClassLoaderLogManager
21-Jan-2017 10:32:15.479 INFO [main] org.apache.catalina.startup.VersionLoggerListener.log Command line argument: -Djdk.tls.ephemeralDHKeySize=2048
21-Jan-2017 10:32:15.479 INFO [main] org.apache.catalina.startup.VersionLoggerListener.log Command line argument: -Djava.protocol.handler.pkgs=org.apache.catalina.webresources
21-Jan-2017 10:32:15.533 INFO [main] org.apache.catalina.startup.VersionLoggerListener.log Command line argument: -Dcatalina.base=C:\Users\Daniel\Documents\githubs\DankRankMe.me\apache-tomcat-8.5.11
21-Jan-2017 10:32:15.541 INFO [main] org.apache.catalina.startup.VersionLoggerListener.log Command line argument: -Dcatalina.home=C:\Users\Daniel\Documents\githubs\DankRankMe.me\apache-tomcat-8.5.11
21-Jan-2017 10:32:15.543 INFO [main] org.apache.catalina.startup.VersionLoggerListener.log Command line argument: -Djava.io.tmpdir=C:\Users\Daniel\Documents\githubs\DankRankMe.me\apache-tomcat-8.5.11\temp
21-Jan-2017 10:32:15.547 INFO [main] org.apache.catalina.core.AprLifecycleListener.lifecycleEvent Loaded APR based Apache Tomcat Native library 1.2.10 using APR version 1.5.2.
21-Jan-2017 10:32:15.549 INFO [main] org.apache.catalina.core.AprLifecycleListener.lifecycleEvent APR capabilities: IPv6 [true], sendfile [true], accept filters [false], random [true].
21-Jan-2017 10:32:15.558 INFO [main] org.apache.catalina.core.AprLifecycleListener.lifecycleEvent APR/OpenSSL configuration: useAprConnector [false], useOpenSSL [true]
21-Jan-2017 10:32:16.766 INFO [main] org.apache.catalina.core.AprLifecycleListener.initializeSSL OpenSSL successfully initialized (OpenSSL 1.0.2j  26 Sep 2016)
21-Jan-2017 10:32:18.637 INFO [main] org.apache.coyote.AbstractProtocol.init Initializing ProtocolHandler ["http-nio-8080"]
21-Jan-2017 10:32:18.834 INFO [main] org.apache.tomcat.util.net.NioSelectorPool.getSharedSelector Using a shared selector for servlet write/read
21-Jan-2017 10:32:18.840 INFO [main] org.apache.coyote.AbstractProtocol.init Initializing ProtocolHandler ["ajp-nio-8009"]
21-Jan-2017 10:32:18.843 INFO [main] org.apache.tomcat.util.net.NioSelectorPool.getSharedSelector Using a shared selector for servlet write/read
21-Jan-2017 10:32:18.843 INFO [main] org.apache.catalina.startup.Catalina.load Initialization processed in 7483 ms
21-Jan-2017 10:32:18.920 INFO [main] org.apache.catalina.core.StandardService.startInternal Starting service Catalina
21-Jan-2017 10:32:18.920 INFO [main] org.apache.catalina.core.StandardEngine.startInternal Starting Servlet Engine: Apache Tomcat/8.5.11
21-Jan-2017 10:32:20.221 INFO [localhost-startStop-1] org.apache.catalina.util.SessionIdGeneratorBase.createSecureRandom Creation of SecureRandom instance for session ID generation using [SHA1PRNG] took [614] milliseconds.
21-Jan-2017 10:32:20.270 INFO [localhost-startStop-1] org.apache.catalina.startup.HostConfig.deployDirectory Deploying web application directory C:\Users\Daniel\Documents\githubs\DankRankMe.me\apache-tomcat-8.5.11\webapps\docs
21-Jan-2017 10:32:20.298 INFO [localhost-startStop-1] org.apache.catalina.startup.HostConfig.deployDirectory Deployment of web application directory C:\Users\Daniel\Documents\githubs\DankRankMe.me\apache-tomcat-8.5.11\webapps\docs has finished in 28 ms
21-Jan-2017 10:32:20.299 INFO [localhost-startStop-1] org.apache.catalina.startup.HostConfig.deployDirectory Deploying web application directory C:\Users\Daniel\Documents\githubs\DankRankMe.me\apache-tomcat-8.5.11\webapps\host-manager
21-Jan-2017 10:32:20.393 INFO [localhost-startStop-1] org.apache.catalina.startup.HostConfig.deployDirectory Deployment of web application directory C:\Users\Daniel\Documents\githubs\DankRankMe.me\apache-tomcat-8.5.11\webapps\host-manager has finished in 94 ms
21-Jan-2017 10:32:20.393 INFO [localhost-startStop-1] org.apache.catalina.startup.HostConfig.deployDirectory Deploying web application directory C:\Users\Daniel\Documents\githubs\DankRankMe.me\apache-tomcat-8.5.11\webapps\manager
21-Jan-2017 10:32:20.450 INFO [localhost-startStop-1] org.apache.catalina.startup.HostConfig.deployDirectory Deployment of web application directory C:\Users\Daniel\Documents\githubs\DankRankMe.me\apache-tomcat-8.5.11\webapps\manager has finished in 57 ms
21-Jan-2017 10:32:20.451 INFO [localhost-startStop-1] org.apache.catalina.startup.HostConfig.deployDirectory Deploying web application directory C:\Users\Daniel\Documents\githubs\DankRankMe.me\apache-tomcat-8.5.11\webapps\ROOT
21-Jan-2017 10:32:20.485 INFO [localhost-startStop-1] org.apache.catalina.startup.HostConfig.deployDirectory Deployment of web application directory C:\Users\Daniel\Documents\githubs\DankRankMe.me\apache-tomcat-8.5.11\webapps\ROOT has finished in 34 ms
21-Jan-2017 10:32:20.493 INFO [main] org.apache.coyote.AbstractProtocol.start Starting ProtocolHandler [http-nio-8080]
21-Jan-2017 10:32:20.508 INFO [main] org.apache.coyote.AbstractProtocol.start Starting ProtocolHandler [ajp-nio-8009]
21-Jan-2017 10:32:20.513 INFO [main] org.apache.catalina.startup.Catalina.start Server startup in 1669 ms
21-Jan-2017 10:32:50.463 INFO [main] org.apache.catalina.core.StandardServer.await A valid shutdown command was received via the shutdown port. Stopping the Server instance.
21-Jan-2017 10:32:50.465 INFO [main] org.apache.coyote.AbstractProtocol.pause Pausing ProtocolHandler ["http-nio-8080"]
21-Jan-2017 10:32:51.202 INFO [main] org.apache.coyote.AbstractProtocol.pause Pausing ProtocolHandler ["ajp-nio-8009"]
21-Jan-2017 10:32:51.876 INFO [main] org.apache.catalina.core.StandardService.stopInternal Stopping service Catalina
21-Jan-2017 10:32:52.135 INFO [main] org.apache.coyote.AbstractProtocol.stop Stopping ProtocolHandler ["http-nio-8080"]
21-Jan-2017 10:32:52.144 INFO [main] org.apache.coyote.AbstractProtocol.stop Stopping ProtocolHandler ["ajp-nio-8009"]
21-Jan-2017 10:32:52.148 INFO [main] org.apache.coyote.AbstractProtocol.destroy Destroying ProtocolHandler ["http-nio-8080"]
21-Jan-2017 10:32:52.152 INFO [main] org.apache.coyote.AbstractProtocol.destroy Destroying ProtocolHandler ["ajp-nio-8009"]
21-Jan-2017 10:33:13.479 WARNING [main] org.apache.tomcat.util.digester.SetPropertiesRule.begin [SetPropertiesRule]{Server/Service/Engine/Host/Context} Setting property 'source' to 'org.eclipse.jst.jee.server:DankRankMeme' did not find a matching property.
21-Jan-2017 10:33:13.496 INFO [main] org.apache.catalina.startup.VersionLoggerListener.log Server version:        Apache Tomcat/8.5.11
21-Jan-2017 10:33:13.496 INFO [main] org.apache.catalina.startup.VersionLoggerListener.log Server built:          Jan 10 2017 21:02:52 UTC
21-Jan-2017 10:33:13.497 INFO [main] org.apache.catalina.startup.VersionLoggerListener.log Server number:         8.5.11.0
21-Jan-2017 10:33:13.497 INFO [main] org.apache.catalina.startup.VersionLoggerListener.log OS Name:               Windows 10
21-Jan-2017 10:33:13.497 INFO [main] org.apache.catalina.startup.VersionLoggerListener.log OS Version:            10.0
21-Jan-2017 10:33:13.497 INFO [main] org.apache.catalina.startup.VersionLoggerListener.log Architecture:          amd64
21-Jan-2017 10:33:13.497 INFO [main] org.apache.catalina.startup.VersionLoggerListener.log Java Home:             C:\Program Files\Java\jdk1.8.0_65\jre
21-Jan-2017 10:33:13.498 INFO [main] org.apache.catalina.startup.VersionLoggerListener.log JVM Version:           1.8.0_65-b17
21-Jan-2017 10:33:13.498 INFO [main] org.apache.catalina.startup.VersionLoggerListener.log JVM Vendor:            Oracle Corporation
21-Jan-2017 10:33:13.498 INFO [main] org.apache.catalina.startup.VersionLoggerListener.log CATALINA_BASE:         C:\Users\Daniel\Documents\githubs\DankRankMe.me\apache-tomcat-8.5.11
21-Jan-2017 10:33:13.498 INFO [main] org.apache.catalina.startup.VersionLoggerListener.log CATALINA_HOME:         C:\Users\Daniel\Documents\githubs\DankRankMe.me\apache-tomcat-8.5.11
21-Jan-2017 10:33:13.499 INFO [main] org.apache.catalina.startup.VersionLoggerListener.log Command line argument: -Djava.util.logging.config.file=C:\Users\Daniel\Documents\githubs\DankRankMe.me\apache-tomcat-8.5.11\conf\logging.properties
21-Jan-2017 10:33:13.499 INFO [main] org.apache.catalina.startup.VersionLoggerListener.log Command line argument: -Djava.util.logging.manager=org.apache.juli.ClassLoaderLogManager
21-Jan-2017 10:33:13.499 INFO [main] org.apache.catalina.startup.VersionLoggerListener.log Command line argument: -Djdk.tls.ephemeralDHKeySize=2048
21-Jan-2017 10:33:13.500 INFO [main] org.apache.catalina.startup.VersionLoggerListener.log Command line argument: -Djava.protocol.handler.pkgs=org.apache.catalina.webresources
21-Jan-2017 10:33:13.500 INFO [main] org.apache.catalina.startup.VersionLoggerListener.log Command line argument: -Dcatalina.base=C:\Users\Daniel\Documents\githubs\DankRankMe.me\apache-tomcat-8.5.11
21-Jan-2017 10:33:13.501 INFO [main] org.apache.catalina.startup.VersionLoggerListener.log Command line argument: -Dcatalina.home=C:\Users\Daniel\Documents\githubs\DankRankMe.me\apache-tomcat-8.5.11
21-Jan-2017 10:33:13.506 INFO [main] org.apache.catalina.startup.VersionLoggerListener.log Command line argument: -Djava.io.tmpdir=C:\Users\Daniel\Documents\githubs\DankRankMe.me\apache-tomcat-8.5.11\temp
21-Jan-2017 10:33:13.507 INFO [main] org.apache.catalina.core.AprLifecycleListener.lifecycleEvent Loaded APR based Apache Tomcat Native library 1.2.10 using APR version 1.5.2.
21-Jan-2017 10:33:13.508 INFO [main] org.apache.catalina.core.AprLifecycleListener.lifecycleEvent APR capabilities: IPv6 [true], sendfile [true], accept filters [false], random [true].
21-Jan-2017 10:33:13.509 INFO [main] org.apache.catalina.core.AprLifecycleListener.lifecycleEvent APR/OpenSSL configuration: useAprConnector [false], useOpenSSL [true]
21-Jan-2017 10:33:14.445 INFO [main] org.apache.catalina.core.AprLifecycleListener.initializeSSL OpenSSL successfully initialized (OpenSSL 1.0.2j  26 Sep 2016)
21-Jan-2017 10:33:14.617 INFO [main] org.apache.coyote.AbstractProtocol.init Initializing ProtocolHandler ["http-nio-8080"]
21-Jan-2017 10:33:14.732 INFO [main] org.apache.tomcat.util.net.NioSelectorPool.getSharedSelector Using a shared selector for servlet write/read
21-Jan-2017 10:33:14.735 INFO [main] org.apache.coyote.AbstractProtocol.init Initializing ProtocolHandler ["ajp-nio-8009"]
21-Jan-2017 10:33:14.739 INFO [main] org.apache.tomcat.util.net.NioSelectorPool.getSharedSelector Using a shared selector for servlet write/read
21-Jan-2017 10:33:14.740 INFO [main] org.apache.catalina.startup.Catalina.load Initialization processed in 1862 ms
21-Jan-2017 10:33:14.771 INFO [main] org.apache.catalina.core.StandardService.startInternal Starting service Catalina
21-Jan-2017 10:33:14.771 INFO [main] org.apache.catalina.core.StandardEngine.startInternal Starting Servlet Engine: Apache Tomcat/8.5.11
21-Jan-2017 10:33:15.787 INFO [localhost-startStop-1] org.apache.catalina.util.SessionIdGeneratorBase.createSecureRandom Creation of SecureRandom instance for session ID generation using [SHA1PRNG] took [593] milliseconds.
21-Jan-2017 10:33:15.818 INFO [main] org.apache.coyote.AbstractProtocol.start Starting ProtocolHandler [http-nio-8080]
21-Jan-2017 10:33:15.829 INFO [main] org.apache.coyote.AbstractProtocol.start Starting ProtocolHandler [ajp-nio-8009]
21-Jan-2017 10:33:15.832 INFO [main] org.apache.catalina.startup.Catalina.start Server startup in 1091 ms
